[08:15:29]消息 : CHttpInfoRequest::Init()获取程序目录成功
[08:15:29]消息 : HttpInfoRequest.dll路径 : D:\9yin\live(new)\GoSu\CuuAm\SnailRes\webconfig.ini
[08:15:29]消息 : 服务器IP : sq.woniu.com
[08:15:29]消息 : 服务器端口 : 80
[08:15:29]消息 : 服务器请求页面 : /actionimp.json
[08:15:29]消息 : 服务器请求方法 : POST
[08:15:29]消息 : 游戏ID : 999
[08:15:29]消息 : 游戏类型 : 1
[08:15:29]消息 : 初始化传进参数不为空，则以初始化的参数为准
[08:15:29]消息 : 参数改换如下:
[08:15:29]消息 : 服务器IP : sq.woniu.com
[08:15:29]消息 : 服务器端口 : 80
[08:15:29]消息 : 服务器请求页面 : /actionimp.json
[08:15:29]消息 : 服务器请求方法 : GET
[08:15:29]消息 : 游戏ID : 10
[08:15:29]消息 : 游戏类型 : 1
[08:15:29]消息 : 模块初始化成功
[08:15:29]消息 : push一条信息 : uuid=A8BFA17236993AAFB862FE36BEC6FCA4CABF31CEBAC323B5F38C47B80DE8AD559045C6ACE8D635FB8A41FEC88FE97EC73BAEB8DBFFDBC9D0CA81464AEF0A8948ACCFCABC310FE964E94891AD55F2333FFD36FC31FAF955B933898D48C9CD8B8FCEBAC8FFF7C389344A8A218941CEFF378D3420F33FC9B78AA3B7DA4635AF32DF30B4F1CFFA39C9FB41BB16F28834CCF5AAF1CFCB31FF8F77CE0E9FCDDBCE33C99050A537CAA3E8ED4584A0C1BE2593AE32AE3113FB358F46CD8842B937F6FC43CFBFF5FDC0B53039C840CE3ADB9039B73606E878CACBD4DCCBD2464AA4C9F34426DB31BC312DBDC7BA46BDA449CFC0FAEF0FCE25A99651D031B8DC9EF93138D8CCD333CFF3D0B83454D9CCC846A6F1D1A134C2BFC9C950E6BAAEB98FBDE80EBBCCC2A93EAA3934AFB8BBDCBC830FF538898C199835EBE497E043BB9735CE3395F88FB0
[08:15:30]消息 : 发送成功 : sq.woniu.com/actionimp.json?uuid=A8BFA17236993AAFB862FE36BEC6FCA4CABF31CEBAC323B5F38C47B80DE8AD559045C6ACE8D635FB8A41FEC88FE97EC73BAEB8DBFFDBC9D0CA81464AEF0A8948ACCFCABC310FE964E94891AD55F2333FFD36FC31FAF955B933898D48C9CD8B8FCEBAC8FFF7C389344A8A218941CEFF378D3420F33FC9B78AA3B7DA4635AF32DF30B4F1CFFA39C9FB41BB16F28834CCF5AAF1CFCB31FF8F77CE0E9FCDDBCE33C99050A537CAA3E8ED4584A0C1BE2593AE32AE3113FB358F46CD8842B937F6FC43CFBFF5FDC0B53039C840CE3ADB9039B73606E878CACBD4DCCBD2464AA4C9F34426DB31BC312DBDC7BA46BDA449CFC0FAEF0FCE25A99651D031B8DC9EF93138D8CCD333CFF3D0B83454D9CCC846A6F1D1A134C2BFC9C950E6BAAEB98FBDE80EBBCCC2A93EAA3934AFB8BBDCBC830FF538898C199835EBE497E043BB9735CE3395F88FB0
[08:15:59]消息 : 模块卸载成功
